<html>
<head>
<title>TestNG:  Default test</title>
<link href="../testng.css" rel="stylesheet" type="text/css" />
<link href="../my-testng.css" rel="stylesheet" type="text/css" />

<style type="text/css">
.log { display: none;} 
.stack-trace { display: none;} 
</style>
<script type="text/javascript">
<!--
function flip(e) {
  current = e.style.display;
  if (current == 'block') {
    e.style.display = 'none';
    return 0;
  }
  else {
    e.style.display = 'block';
    return 1;
  }
}

function toggleBox(szDivId, elem, msg1, msg2)
{
  var res = -1;  if (document.getElementById) {
    res = flip(document.getElementById(szDivId));
  }
  else if (document.all) {
    // this is the way old msie versions work
    res = flip(document.all[szDivId]);
  }
  if(elem) {
    if(res == 0) elem.innerHTML = msg1; else elem.innerHTML = msg2;
  }

}

function toggleAllBoxes() {
  if (document.getElementsByTagName) {
    d = document.getElementsByTagName('div');
    for (i = 0; i < d.length; i++) {
      if (d[i].className == 'log') {
        flip(d[i]);
      }
    }
  }
}

// -->
</script>

</head>
<body>
<h2 align='center'>Default test</h2><table border='1' align="center">
<tr>
<td>Tests passed/Failed/Skipped:</td><td>0/2/0</td>
</tr><tr>
<td>Started on:</td><td>Sun May 28 10:40:17 IST 2023</td>
</tr>
<tr><td>Total time:</td><td>58 seconds (58565 ms)</td>
</tr><tr>
<td>Included groups:</td><td></td>
</tr><tr>
<td>Excluded groups:</td><td></td>
</tr>
</table><p/>
<small><i>(Hover the method name to see the test class name)</i></small><p/>
<table width='100%' border='1' class='invocation-failed'>
<tr><td colspan='4' align='center'><b>FAILED TESTS</b></td></tr>
<tr><td><b>Test method</b></td>
<td><b>Attribute(s)</b></td>
<td width="30%"><b>Exception</b></td>
<td width="10%"><b>Time (seconds)</b></td>
<td><b>Instance</b></td>
</tr>
<tr>
<td title='cucumberOptions.FailedTestRunner.runScenario()'><b>runScenario</b><br>Test class: cucumberOptions.FailedTestRunner<br>Test method: Runs Cucumber Scenarios<br>Parameters: "Search Experience for product search in home and offers page", "Search and Place the Order for Products"</td>
<td><div><pre>java.lang.AssertionError: expected [No data] but found [Beetroot]
	at org.testng.Assert.fail(Assert.java:110)
	at org.testng.Assert.failNotEquals(Assert.java:1577)
	at org.testng.Assert.assertEqualsImpl(Assert.java:149)
	at org.testng.Assert.assertEquals(Assert.java:131)
	at org.testng.Assert.assertEquals(Assert.java:655)
	at org.testng.Assert.assertEquals(Assert.java:665)
	at stepDefinitions.OfferPageStepDefinition.validate_productname_in_offerspage_matches_with_landing_page(OfferPageStepDefinition.java:64)
	at ✽.validate productname in offerspage matches with landing page(file:///C:/Users/Saicharan/workspaceNEWPROJECT/CucumberFrameworkLearning/src/test/java/Features/searchproduct.feature:9)
</pre></div><a href='#' onClick='toggleBox("stack-trace504507876", this, "Click to show all stack frames", "Click to hide stack frames")'>Click to show all stack frames</a>
<div class='stack-trace' id='stack-trace504507876'><pre>java.lang.AssertionError: expected [No data] but found [Beetroot]
	at org.testng.Assert.fail(Assert.java:110)
	at org.testng.Assert.failNotEquals(Assert.java:1577)
	at org.testng.Assert.assertEqualsImpl(Assert.java:149)
	at org.testng.Assert.assertEquals(Assert.java:131)
	at org.testng.Assert.assertEquals(Assert.java:655)
	at org.testng.Assert.assertEquals(Assert.java:665)
	at stepDefinitions.OfferPageStepDefinition.validate_productname_in_offerspage_matches_with_landing_page(OfferPageStepDefinition.java:64)
	at ✽.validate productname in offerspage matches with landing page(file:///C:/Users/Saicharan/workspaceNEWPROJECT/CucumberFrameworkLearning/src/test/java/Features/searchproduct.feature:9)
</pre></div></td>
<td>50</td>
<td>cucumberOptions.FailedTestRunner@7ae0a9ec</td></tr>
<tr>
<td title='cucumberOptions.FailedTestRunner.runScenario()'><b>runScenario</b><br>Test class: cucumberOptions.FailedTestRunner<br>Test method: Runs Cucumber Scenarios<br>Parameters: "Search Experience for product search in home and offers page", "Search and Place the Order for Products"</td>
<td><div><pre>java.lang.StringIndexOutOfBoundsException: begin 0, end 3, length 1
	at java.base/java.lang.String.checkBoundsBeginEnd(String.java:4602)
	at java.base/java.lang.String.substring(String.java:2705)
	at stepDefinitions.CheckoutPageStepDefinition.user_proceeds_to_checkout_and_validate_tom_items_in_checkout_page(CheckoutPageStepDefinition.java:45)
	at ✽.user proceeds to checkout and validate Tom items in checkout page(file:///C:/Users/Saicharan/workspaceNEWPROJECT/CucumberFrameworkLearning/src/test/java/Features/checkout.feature:9)
</pre></div><a href='#' onClick='toggleBox("stack-trace1137091150", this, "Click to show all stack frames", "Click to hide stack frames")'>Click to show all stack frames</a>
<div class='stack-trace' id='stack-trace1137091150'><pre>java.lang.StringIndexOutOfBoundsException: begin 0, end 3, length 1
	at java.base/java.lang.String.checkBoundsBeginEnd(String.java:4602)
	at java.base/java.lang.String.substring(String.java:2705)
	at stepDefinitions.CheckoutPageStepDefinition.user_proceeds_to_checkout_and_validate_tom_items_in_checkout_page(CheckoutPageStepDefinition.java:45)
	at ✽.user proceeds to checkout and validate Tom items in checkout page(file:///C:/Users/Saicharan/workspaceNEWPROJECT/CucumberFrameworkLearning/src/test/java/Features/checkout.feature:9)
</pre></div></td>
<td>50</td>
<td>cucumberOptions.FailedTestRunner@7ae0a9ec</td></tr>
</table><p>
</body>
</html>