<?xml version="1.0" encoding="UTF-8"?>
<testng-results ignored="0" total="2" passed="0" failed="2" skipped="0">
  <reporter-output>
  </reporter-output>
  <suite started-at="2023-05-28T10:40:17 IST" name="Default suite" finished-at="2023-05-28T10:41:16 IST" duration-ms="58565">
    <groups>
      <group name="cucumber">
        <method signature="AbstractTestNGCucumberTests.runScenario(io.cucumber.testng.PickleWrapper,io.cucumber.testng.FeatureWrapper)[pri:0, instance:cucumberOptions.FailedTestRunner@7ae0a9ec]" name="runScenario" class="io.cucumber.testng.AbstractTestNGCucumberTests"/>
      </group> <!-- cucumber -->
    </groups>
    <test started-at="2023-05-28T10:40:17 IST" name="Default test" finished-at="2023-05-28T10:41:16 IST" duration-ms="58565">
      <class name="cucumberOptions.FailedTestRunner">
        <test-method is-config="true" signature="setUpClass(org.testng.ITestContext)[pri:0, instance:cucumberOptions.FailedTestRunner@7ae0a9ec]" started-at="2023-05-28T10:40:17 IST" name="setUpClass" finished-at="2023-05-28T10:40:23 IST" duration-ms="5521" status="PASS">
          <params>
            <param index="0">
              <value>
                <![CDATA[org.testng.TestRunner@1b9776f5]]>
              </value>
            </param>
          </params>
          <reporter-output>
          </reporter-output>
        </test-method> <!-- setUpClass -->
        <test-method signature="runScenario(io.cucumber.testng.PickleWrapper,io.cucumber.testng.FeatureWrapper)[pri:0, instance:cucumberOptions.FailedTestRunner@7ae0a9ec]" started-at="2023-05-28T10:40:23 IST" name="runScenario" description="Runs Cucumber Scenarios" data-provider="scenarios" finished-at="2023-05-28T10:41:13 IST" duration-ms="50375" status="FAIL">
          <params>
            <param index="0">
              <value>
                <![CDATA["Search Experience for product search in home and offers page"]]>
              </value>
            </param>
            <param index="1">
              <value>
                <![CDATA["Search and Place the Order for Products"]]>
              </value>
            </param>
          </params>
          <exception class="java.lang.StringIndexOutOfBoundsException">
            <message>
              <![CDATA[begin 0, end 3, length 1]]>
            </message>
            <full-stacktrace>
              <![CDATA[java.lang.StringIndexOutOfBoundsException: begin 0, end 3, length 1
at java.base/java.lang.String.checkBoundsBeginEnd(String.java:4602)
at java.base/java.lang.String.substring(String.java:2705)
at stepDefinitions.CheckoutPageStepDefinition.user_proceeds_to_checkout_and_validate_tom_items_in_checkout_page(CheckoutPageStepDefinition.java:45)
at ✽.user proceeds to checkout and validate Tom items in checkout page(file:///C:/Users/Saicharan/workspaceNEWPROJECT/CucumberFrameworkLearning/src/test/java/Features/checkout.feature:9)
]]>
            </full-stacktrace>
          </exception> <!-- java.lang.StringIndexOutOfBoundsException -->
          <reporter-output>
          </reporter-output>
        </test-method> <!-- runScenario -->
        <test-method signature="runScenario(io.cucumber.testng.PickleWrapper,io.cucumber.testng.FeatureWrapper)[pri:0, instance:cucumberOptions.FailedTestRunner@7ae0a9ec]" started-at="2023-05-28T10:40:23 IST" name="runScenario" description="Runs Cucumber Scenarios" data-provider="scenarios" finished-at="2023-05-28T10:41:13 IST" duration-ms="50649" status="FAIL">
          <params>
            <param index="0">
              <value>
                <![CDATA["Search Experience for product search in home and offers page"]]>
              </value>
            </param>
            <param index="1">
              <value>
                <![CDATA["Search and Place the Order for Products"]]>
              </value>
            </param>
          </params>
          <exception class="java.lang.AssertionError">
            <message>
              <![CDATA[expected [No data] but found [Beetroot]]]>
            </message>
            <full-stacktrace>
              <![CDATA[java.lang.AssertionError: expected [No data] but found [Beetroot]
at org.testng.Assert.fail(Assert.java:110)
at org.testng.Assert.failNotEquals(Assert.java:1577)
at org.testng.Assert.assertEqualsImpl(Assert.java:149)
at org.testng.Assert.assertEquals(Assert.java:131)
at org.testng.Assert.assertEquals(Assert.java:655)
at org.testng.Assert.assertEquals(Assert.java:665)
at stepDefinitions.OfferPageStepDefinition.validate_productname_in_offerspage_matches_with_landing_page(OfferPageStepDefinition.java:64)
at ✽.validate productname in offerspage matches with landing page(file:///C:/Users/Saicharan/workspaceNEWPROJECT/CucumberFrameworkLearning/src/test/java/Features/searchproduct.feature:9)
]]>
            </full-stacktrace>
          </exception> <!-- java.lang.AssertionError -->
          <reporter-output>
          </reporter-output>
        </test-method> <!-- runScenario -->
        <test-method is-config="true" signature="tearDownClass()[pri:0, instance:cucumberOptions.FailedTestRunner@7ae0a9ec]" started-at="2023-05-28T10:41:13 IST" name="tearDownClass" finished-at="2023-05-28T10:41:16 IST" duration-ms="2166" status="PASS">
          <reporter-output>
          </reporter-output>
        </test-method> <!-- tearDownClass -->
      </class> <!-- cucumberOptions.FailedTestRunner -->
    </test> <!-- Default test -->
  </suite> <!-- Default suite -->
</testng-results>
